<?xml version="1.0" encoding="UTF-8"?>
<testsuite name="ru.stqa.training.selenium.CartTest" tests="1" skipped="0" failures="0" errors="0" timestamp="2020-07-28T23:25:48" hostname="Ridiculous" time="15.867">
  <properties/>
  <testcase name="cartTest" classname="ru.stqa.training.selenium.CartTest" time="15.867"/>
  <system-out><![CDATA[size
]]></system-out>
  <system-err><![CDATA[Starting ChromeDriver 83.0.4103.39 (ccbf011cb2d2b19b506d844400483861342c20cd-refs/branch-heads/4103@{#416}) on port 46879
Only local connections are allowed.
Please see https://chromedriver.chromium.org/security-considerations for suggestions on keeping ChromeDriver safe.
ChromeDriver was started successfully.
[1595978751.015][WARNING]: This version of ChromeDriver has not been tested with Chrome version 84.
июл. 29, 2020 2:25:51 AM org.openqa.selenium.remote.ProtocolHandshake createSession
INFO: Detected dialect: W3C
]]></system-err>
</testsuite>
